2025-09-28 16:24:10 - Watching folder: C:\Users\susil\Downloads
2025-09-28 16:24:21 - [Created] C:\Users\susil\Downloads\3f9c133a-5b34-4de4-aad9-7bef0b4efd4e.tmp
2025-09-28 16:24:21 - [Skipped Temp File] 3f9c133a-5b34-4de4-aad9-7bef0b4efd4e.tmp
2025-09-28 16:24:23 - [Created] C:\Users\susil\Downloads\OD334423025977288100 (1).docx
2025-09-28 16:24:23 - [Missing] OD334423025977288100 (1).docx
2025-09-28 16:24:23 - [Created] C:\Users\susil\Downloads\3f9c133a-5b34-4de4-aad9-7bef0b4efd4e.tmp
2025-09-28 16:24:23 - [Skipped Temp File] OD334423025977288100 (1).docx.crdownload
2025-09-28 16:24:23 - [Created] C:\Users\susil\Downloads\OD334423025977288100 (1).docx.crdownload
2025-09-28 16:24:28 - File Moved : Documents\OD334423025977288100 (1) (3).docx
2025-09-28 16:24:28 - [Created] C:\Users\susil\Downloads\800e753d-4b59-4395-b704-b6cffdc2c313.tmp
2025-09-28 16:24:28 - [Skipped Temp File] 800e753d-4b59-4395-b704-b6cffdc2c313.tmp
2025-09-28 16:24:28 - [Created] C:\Users\susil\Downloads\OD334423025977288100 (1) (1).docx
2025-09-28 16:24:34 - File Moved : Documents\OD334423025977288100 (1) (1) (3).docx
2025-09-28 16:24:34 - [Created] C:\Users\susil\Downloads\800e753d-4b59-4395-b704-b6cffdc2c313.tmp
2025-09-28 16:24:34 - [Skipped Temp File] OD334423025977288100 (1) (1).docx.crdownload
2025-09-28 16:24:34 - [Created] C:\Users\susil\Downloads\OD334423025977288100 (1) (1).docx.crdownload
2025-09-28 16:24:34 - [Missing] OD334423025977288100 (1) (1).docx
2025-09-28 18:14:53 - [Created] C:\Users\susil\Downloads\WhatsApp Image 2025-09-28 at 18.06.35_5c72f50b.jpg
2025-09-28 18:14:53 - [Missing] WhatsApp Image 2025-09-28 at 18.06.35_5c72f50b.jpg
2025-09-28 18:14:53 - [Created] C:\Users\susil\Downloads\WhatsApp Image 2025-09-28 at 18.06.35_5c72f50b.jpg
2025-09-28 18:15:03 - File Moved : Images\WhatsApp Image 2025-09-28 at 18.06.35_5c72f50b.jpg
2025-09-28 18:34:03 - [Created] C:\Users\susil\Downloads\cfb69f97-f5f2-46dc-95be-809a16bfc370.tmp
2025-09-28 18:34:03 - [Skipped Temp File] cfb69f97-f5f2-46dc-95be-809a16bfc370.tmp
2025-09-28 18:34:43 - [Created] C:\Users\susil\Downloads\434e57a8-54b3-42db-a98b-09c732931cda.tmp
2025-09-28 18:34:43 - [Skipped Temp File] 434e57a8-54b3-42db-a98b-09c732931cda.tmp
2025-09-28 18:34:45 - [Created] C:\Users\susil\Downloads\rufus-4.10.exe
2025-09-28 18:34:45 - [Missing] rufus-4.10.exe
2025-09-28 18:34:45 - [Created] C:\Users\susil\Downloads\434e57a8-54b3-42db-a98b-09c732931cda.tmp
2025-09-28 18:34:45 - [Skipped Temp File] rufus-4.10.exe.crdownload
2025-09-28 18:34:45 - [Created] C:\Users\susil\Downloads\rufus-4.10.exe.crdownload
2025-09-28 18:34:50 - Error Moving : rufus-4.10.exe
Error: '[WinError 32] The process cannot access the file because it is being used by another process: 'C:\\Users\\susil\\Downloads\\rufus-4.10.exe''
2025-09-28 18:37:18 - [Created] C:\Users\susil\Downloads\d7a353c6-23e1-4b27-ae4c-1257d9d3f96c.tmp
2025-09-28 18:37:18 - [Skipped Temp File] d7a353c6-23e1-4b27-ae4c-1257d9d3f96c.tmp
2025-09-28 18:37:46 - [Created] C:\Users\susil\Downloads\912f2366-0e6e-46dd-ac98-bd13ef42a93f.tmp
2025-09-28 18:37:46 - [Skipped Temp File] 912f2366-0e6e-46dd-ac98-bd13ef42a93f.tmp
2025-09-28 18:37:49 - [Created] C:\Users\susil\Downloads\MediaCreationTool_22H2.exe
2025-09-28 18:37:49 - [Missing] MediaCreationTool_22H2.exe
2025-09-28 18:37:50 - [Created] C:\Users\susil\Downloads\912f2366-0e6e-46dd-ac98-bd13ef42a93f.tmp
2025-09-28 18:37:50 - [Skipped Temp File] MediaCreationTool_22H2.exe.crdownload
2025-09-28 18:37:50 - [Created] C:\Users\susil\Downloads\MediaCreationTool_22H2.exe.crdownload
2025-09-28 18:37:55 - Error Moving : MediaCreationTool_22H2.exe
Error: '[WinError 32] The process cannot access the file because it is being used by another process: 'C:\\Users\\susil\\Downloads\\MediaCreationTool_22H2.exe''
2025-09-28 20:38:26 - [Created] C:\Users\susil\Downloads\778d8c18-8963-4ac7-a081-9862c1773909.tmp
2025-09-28 20:38:26 - [Skipped Temp File] 778d8c18-8963-4ac7-a081-9862c1773909.tmp
2025-09-28 20:38:29 - [Created] C:\Users\susil\Downloads\Dil Bechara (2020) (1080p BluRay x265 HEVC 10bit AC3 5.1.mkv
2025-09-28 20:38:29 - [Missing] Dil Bechara (2020) (1080p BluRay x265 HEVC 10bit AC3 5.1.mkv
2025-09-28 20:38:29 - [Created] C:\Users\susil\Downloads\778d8c18-8963-4ac7-a081-9862c1773909.tmp
2025-09-28 20:38:29 - [Skipped Temp File] Dil Bechara (2020) (1080p BluRay x265 HEVC 10bit AC3 5.1.mkv.crdownload
2025-09-28 20:40:18 - [Created] C:\Users\susil\Downloads\49eb762f-e785-49ce-af6a-e20728d3d199.tmp
2025-09-28 20:40:18 - [Skipped Temp File] 49eb762f-e785-49ce-af6a-e20728d3d199.tmp
2025-09-28 20:46:48 - [Created] C:\Users\susil\Downloads\WhatsApp Image 2025-09-28 at 18.06.35_5c72f50b.jpg
2025-09-28 20:46:53 - File Moved : Images\WhatsApp Image 2025-09-28 at 18.06.35_5c72f50b.jpg
2025-09-28 20:48:35 - [Created] C:\Users\susil\Downloads\4d33cc12-6d10-4a14-b14f-d927554d868d.tmp
2025-09-28 20:48:35 - [Skipped Temp File] 4d33cc12-6d10-4a14-b14f-d927554d868d.tmp
2025-09-28 20:48:38 - [Created] C:\Users\susil\Downloads\Dil.Bechara.2020.Hindi.720p.HEVC.WEB-DL.x265.ESub[HDHub4u.Shop].mkv
2025-09-28 20:48:38 - [Missing] Dil.Bechara.2020.Hindi.720p.HEVC.WEB-DL.x265.ESub[HDHub4u.Shop].mkv
2025-09-28 20:48:38 - [Created] C:\Users\susil\Downloads\4d33cc12-6d10-4a14-b14f-d927554d868d.tmp
2025-09-28 20:48:38 - [Skipped Temp File] Dil.Bechara.2020.Hindi.720p.HEVC.WEB-DL.x265.ESub[HDHub4u.Shop].mkv.crdownload
2025-09-28 20:51:50 - [Created] C:\Users\susil\Downloads\Dil.Bechara.2020.Hindi.720p.HEVC.WEB-DL.x265.ESub[HDHub4u.Shop].mkv.crdownload
2025-09-28 20:51:55 - File Moved : Videos\Dil.Bechara.2020.Hindi.720p.HEVC.WEB-DL.x265.ESub[HDHub4u.Shop].mkv
2025-09-29 07:16:44 - [Created] C:\Users\susil\Downloads\ad39ec49-8364-40ba-86fb-454b59465acb.tmp
2025-09-29 07:16:44 - [Skipped Temp File] ad39ec49-8364-40ba-86fb-454b59465acb.tmp
2025-09-29 07:16:52 - [Created] C:\Users\susil\Downloads\1547390838252_SARANG LOGO-01.png
2025-09-29 07:16:52 - [Missing] 1547390838252_SARANG LOGO-01.png
2025-09-29 07:16:52 - [Created] C:\Users\susil\Downloads\ad39ec49-8364-40ba-86fb-454b59465acb.tmp
2025-09-29 07:16:52 - [Skipped Temp File] 1547390838252_SARANG LOGO-01.png.crdownload
2025-09-29 07:16:53 - [Created] C:\Users\susil\Downloads\1547390838252_SARANG LOGO-01.png.crdownload
2025-09-29 07:16:58 - File Moved : Images\1547390838252_SARANG LOGO-01.png
